<?xml version="1.0" encoding="UTF-8"?>
<!-- Generated by org.testng.reporters.JUnitXMLReporter -->
<testsuite ignored="0" hostname="DESKTOP-8M6A2AK" failures="3" tests="4" name="Test" time="23.331" errors="0" timestamp="2024-08-28T12:51:37 IST">
  <testcase classname="com.itestlisners.LoginPageTestcases" name="display" time="1.626"/>
  <testcase classname="com.itestlisners.LoginPageTestcases" name="display" time="1.27">
    <failure type="java.lang.AssertionError" message="expected [true] but found [false]">
      <![CDATA[java.lang.AssertionError: expected [true] but found [false]
at com.itestlisners.LoginPageTestcases.display(LoginPageTestcases.java:38)
at java.base/java.util.ArrayList.forEach(ArrayList.java:1511)
... Removed 31 stack frames]]>
    </failure>
  </testcase> <!-- display -->
  <testcase classname="com.itestlisners.LoginPageTestcases" name="display" time="1.241">
    <failure type="java.lang.AssertionError" message="expected [true] but found [false]">
      <![CDATA[java.lang.AssertionError: expected [true] but found [false]
at com.itestlisners.LoginPageTestcases.display(LoginPageTestcases.java:38)
at java.base/java.util.ArrayList.forEach(ArrayList.java:1511)
... Removed 31 stack frames]]>
    </failure>
  </testcase> <!-- display -->
  <testcase classname="com.itestlisners.LoginPageTestcases" name="display" time="1.777">
    <failure type="java.lang.AssertionError" message="expected [true] but found [false]">
      <![CDATA[java.lang.AssertionError: expected [true] but found [false]
at com.itestlisners.LoginPageTestcases.display(LoginPageTestcases.java:38)
at java.base/java.util.ArrayList.forEach(ArrayList.java:1511)
... Removed 31 stack frames]]>
    </failure>
  </testcase> <!-- display -->
</testsuite> <!-- Test -->
