<?xml version="1.0" encoding="UTF-8"?>
<!-- Generated by org.testng.reporters.JUnitXMLReporter -->
<testsuite ignored="2" hostname="DESKTOP-8M6A2AK" failures="0" tests="2" name="GRP-smoke" time="0.12" errors="0" timestamp="2024-06-26T13:49:01 IST">
  <testcase classname="testng.FirstTestng_Demo" name="India" time="0.016"/>
  <testcase classname="testng.FirstTestng_Demo" name="Ameriaca" time="0.003"/>
  <testcase classname="testng.FirstTestng_Demo" name="Shrilanka" time="0.0">
    <ignored/>
  </testcase> <!-- Shrilanka -->
  <testcase classname="testng.FirstTestng_Demo" name="Japan" time="0.0">
    <ignored/>
  </testcase> <!-- Japan -->
</testsuite> <!-- GRP-smoke -->
